<?xml version="1.0" encoding="UTF-8"?>
<!-- Generated by org.testng.reporters.JUnitReportReporter -->
<testsuite hostname="IND-MHP3DW10928" name="testCases.CaseStatusVerification" tests="1" failures="0" timestamp="31 May 2019 11:03:15 GMT" time="30.747" errors="0">
  <testcase name="validateAddPerson" time="30.747" classname="testCases.CaseStatusVerification"/>
</testsuite> <!-- testCases.CaseStatusVerification -->
